# JRE version: Java(TM) SE Runtime Environment (11.0.1+13) (build 11.0.1+13-LTS)
# Java VM: Java HotSpot(TM) 64-Bit Server VM (11.0.1+13-LTS, mixed mode, tiered, compressed oops, g1 gc, windows-amd64)
Heap:
 garbage-first heap   total 262144K, used 86768K [0x0000000701000000, 0x0000000800000000)
  region size 1024K, 64 young (65536K), 20 survivors (20480K)
 Metaspace       used 57468K, capacity 58740K, committed 58928K, reserved 1101824K
  class space    used 6440K, capacity 6963K, committed 7040K, reserved 1048576K
GC Heap History (10 events):
Event: 0.989 GC heap before
{Heap before GC invocations=1 (full 0):
 garbage-first heap   total 262144K, used 15759K [0x0000000701000000, 0x0000000800000000)
  region size 1024K, 15 young (15360K), 3 survivors (3072K)
 Metaspace       used 20975K, capacity 21226K, committed 21296K, reserved 1069056K
  class space    used 2324K, capacity 2429K, committed 2432K, reserved 1048576K
}
Event: 0.995 GC heap after
{Heap after GC invocations=2 (full 0):
 garbage-first heap   total 262144K, used 5413K [0x0000000701000000, 0x0000000800000000)
  region size 1024K, 4 young (4096K), 4 survivors (4096K)
 Metaspace       used 20975K, capacity 21226K, committed 21296K, reserved 1069056K
  class space    used 2324K, capacity 2429K, committed 2432K, reserved 1048576K
}
Event: 2.490 GC heap before
{Heap before GC invocations=3 (full 0):
 garbage-first heap   total 262144K, used 39205K [0x0000000701000000, 0x0000000800000000)
  region size 1024K, 36 young (36864K), 4 survivors (4096K)
 Metaspace       used 32907K, capacity 33255K, committed 33328K, reserved 1079296K
  class space    used 3552K, capacity 3708K, committed 3712K, reserved 1048576K
}
Event: 2.495 GC heap after
{Heap after GC invocations=4 (full 0):
 garbage-first heap   total 262144K, used 9854K [0x0000000701000000, 0x0000000800000000)
  region size 1024K, 5 young (5120K), 5 survivors (5120K)
 Metaspace       used 32907K, capacity 33255K, committed 33328K, reserved 1079296K
  class space    used 3552K, capacity 3708K, committed 3712K, reserved 1048576K
}
Event: 2.678 GC heap before
{Heap before GC invocations=4 (full 0):
 garbage-first heap   total 262144K, used 17022K [0x0000000701000000, 0x0000000800000000)
  region size 1024K, 13 young (13312K), 5 survivors (5120K)
 Metaspace       used 35403K, capacity 35794K, committed 35920K, reserved 1081344K
  class space    used 3980K, capacity 4128K, committed 4224K, reserved 1048576K
}
Event: 2.683 GC heap after
{Heap after GC invocations=5 (full 0):
 garbage-first heap   total 262144K, used 11049K [0x0000000701000000, 0x0000000800000000)
  region size 1024K, 2 young (2048K), 2 survivors (2048K)
 Metaspace       used 35403K, capacity 35794K, committed 35920K, reserved 1081344K
  class space    used 3980K, capacity 4128K, committed 4224K, reserved 1048576K
}
Event: 3.955 GC heap before
{Heap before GC invocations=6 (full 0):
 garbage-first heap   total 262144K, used 66345K [0x0000000701000000, 0x0000000800000000)
  region size 1024K, 56 young (57344K), 2 survivors (2048K)
 Metaspace       used 43862K, capacity 44546K, committed 44592K, reserved 1089536K
  class space    used 4959K, capacity 5237K, committed 5248K, reserved 1048576K
}
Event: 3.961 GC heap after
{Heap after GC invocations=7 (full 0):
 garbage-first heap   total 262144K, used 18663K [0x0000000701000000, 0x0000000800000000)
  region size 1024K, 7 young (7168K), 7 survivors (7168K)
 Metaspace       used 43862K, capacity 44546K, committed 44592K, reserved 1089536K
  class space    used 4959K, capacity 5237K, committed 5248K, reserved 1048576K
}
Event: 5.436 GC heap before
{Heap before GC invocations=7 (full 0):
 garbage-first heap   total 262144K, used 178407K [0x0000000701000000, 0x0000000800000000)
  region size 1024K, 153 young (156672K), 7 survivors (7168K)
 Metaspace       used 55612K, capacity 56747K, committed 56880K, reserved 1099776K
  class space    used 6284K, capacity 6734K, committed 6784K, reserved 1048576K
}
Event: 5.449 GC heap after
{Heap after GC invocations=8 (full 0):
 garbage-first heap   total 262144K, used 41712K [0x0000000701000000, 0x0000000800000000)
  region size 1024K, 20 young (20480K), 20 survivors (20480K)
 Metaspace       used 55612K, capacity 56747K, committed 56880K, reserved 1099776K
  class space    used 6284K, capacity 6734K, committed 6784K, reserved 1048576K
}

